*** Starting uWSGI 2.0.18 (64bit) on [Mon Apr 20 14:30:59 2020] ***
compiled with version: 7.5.0 on 20 April 2020 05:49:39
os: Linux-4.15.0-88-generic #88-Ubuntu SMP Tue Feb 11 20:11:34 UTC 2020
nodename: VIP
machine: x86_64
clock source: unix
pcre jit disabled
detected number of CPU cores: 1
current working directory: /home/pyvip/djproject/deploy
writing pidfile to uwsgi.pid
detected binary path: /home/pyvip/.virtualenvs/mysites/bin/uwsgi
chdir() to /home/pyvip/djproject
your processes number limit is 7729
your memory page size is 4096 bytes
detected max file descriptor number: 1024
lock engine: pthread robust mutexes
thunder lock: disabled (you can enable it with --thunder-lock)
uwsgi socket 0 bound to TCP address 10.0.2.15:8000 fd 3
Python version: 3.6.8 (default, Oct  7 2019, 12:59:55)  [GCC 8.3.0]
Set PythonHome to /home/pyvip/.virtualenvs/mysites
Python main interpreter initialized at 0x55fdedcb6a80
python threads support enabled
your server socket listen backlog is limited to 100 connections
your mercy for graceful operations on workers is 60 seconds
mapped 145840 bytes (142 KB) for 1 cores
*** Operational MODE: single process ***
failed to open python file MyBlog/wsgi.py
unable to load app 0 (mountpoint='') (callable not found or import error)
*** no app loaded. going in full dynamic mode ***
*** uWSGI is running in multiple interpreter mode ***
spawned uWSGI master process (pid: 22309)
spawned uWSGI worker 1 (pid: 22310, cores: 1)
invalid request block size: 21573 (max 4096)...skip
invalid request block size: 21573 (max 4096)...skip
invalid request block size: 21573 (max 4096)...skip
invalid request block size: 21573 (max 4096)...skip
invalid request block size: 21573 (max 4096)...skip
invalid request block size: 21573 (max 4096)...skip
*** Starting uWSGI 2.0.18 (64bit) on [Mon Apr 20 14:33:14 2020] ***
compiled with version: 7.5.0 on 20 April 2020 05:49:39
os: Linux-4.15.0-88-generic #88-Ubuntu SMP Tue Feb 11 20:11:34 UTC 2020
nodename: VIP
machine: x86_64
clock source: unix
pcre jit disabled
detected number of CPU cores: 1
current working directory: /home/pyvip/djproject/deploy
writing pidfile to uwsgi.pid
detected binary path: /home/pyvip/.virtualenvs/mysites/bin/uwsgi
chdir() to /home/pyvip/djproject
your processes number limit is 7729
your memory page size is 4096 bytes
detected max file descriptor number: 1024
lock engine: pthread robust mutexes
thunder lock: disabled (you can enable it with --thunder-lock)
probably another instance of uWSGI is running on the same address (10.0.2.15:8000).
bind(): Address already in use [core/socket.c line 769]
*** Starting uWSGI 2.0.18 (64bit) on [Mon Apr 20 14:33:29 2020] ***
compiled with version: 7.5.0 on 20 April 2020 05:49:39
os: Linux-4.15.0-88-generic #88-Ubuntu SMP Tue Feb 11 20:11:34 UTC 2020
nodename: VIP
machine: x86_64
clock source: unix
pcre jit disabled
detected number of CPU cores: 1
current working directory: /home/pyvip/djproject/deploy
writing pidfile to uwsgi.pid
detected binary path: /home/pyvip/.virtualenvs/mysites/bin/uwsgi
chdir() to /home/pyvip/djproject
your processes number limit is 7729
your memory page size is 4096 bytes
detected max file descriptor number: 1024
lock engine: pthread robust mutexes
thunder lock: disabled (you can enable it with --thunder-lock)
probably another instance of uWSGI is running on the same address (10.0.2.15:8000).
bind(): Address already in use [core/socket.c line 769]
*** Starting uWSGI 2.0.18 (64bit) on [Mon Apr 20 14:35:14 2020] ***
compiled with version: 7.5.0 on 20 April 2020 05:49:39
os: Linux-4.15.0-88-generic #88-Ubuntu SMP Tue Feb 11 20:11:34 UTC 2020
nodename: VIP
machine: x86_64
clock source: unix
pcre jit disabled
detected number of CPU cores: 1
current working directory: /home/pyvip/djproject/deploy
writing pidfile to uwsgi.pid
detected binary path: /home/pyvip/.virtualenvs/mysites/bin/uwsgi
chdir() to /home/pyvip/djproject
your processes number limit is 7729
your memory page size is 4096 bytes
detected max file descriptor number: 1024
lock engine: pthread robust mutexes
thunder lock: disabled (you can enable it with --thunder-lock)
probably another instance of uWSGI is running on the same address (10.0.2.15:8000).
bind(): Address already in use [core/socket.c line 769]
